# JRE version: OpenJDK Runtime Environment (17.0.11) (build 17.0.11+0--11852314)
# Java VM: OpenJDK 64-Bit Server VM (17.0.11+0--11852314, mixed mode, tiered, compressed oops, compressed class ptrs, g1 gc, windows-amd64)
GC Precious Log:
 CPUs: 8 total, 8 available
 Memory: 7915M
 Large Page Support: Disabled
 NUMA Support: Disabled
 Compressed Oops: Enabled (32-bit)
 Heap Region Size: 1M
 Heap Min Capacity: 8M
 Heap Initial Capacity: 124M
 Heap Max Capacity: 2G
 Pre-touch: Disabled
 Parallel Workers: 8
 Concurrent Workers: 2
 Concurrent Refinement Workers: 8
 Periodic GC: Disabled
Heap:
 garbage-first heap   total 147456K, used 110930K [0x0000000080000000, 0x0000000100000000)
  region size 1024K, 21 young (21504K), 3 survivors (3072K)
 Metaspace       used 62483K, committed 63104K, reserved 1114112K
  class space    used 8557K, committed 8832K, reserved 1048576K
GC Heap History (20 events):
Event: 6.494 GC heap before
{Heap before GC invocations=15 (full 0):
 garbage-first heap   total 93184K, used 67595K [0x0000000080000000, 0x0000000100000000)
  region size 1024K, 23 young (23552K), 4 survivors (4096K)
 Metaspace       used 50191K, committed 50624K, reserved 1114112K
  class space    used 6788K, committed 6976K, reserved 1048576K
}
Event: 6.499 GC heap after
{Heap after GC invocations=16 (full 0):
 garbage-first heap   total 93184K, used 51272K [0x0000000080000000, 0x0000000100000000)
  region size 1024K, 4 young (4096K), 4 survivors (4096K)
 Metaspace       used 50191K, committed 50624K, reserved 1114112K
  class space    used 6788K, committed 6976K, reserved 1048576K
}
Event: 6.624 GC heap before
{Heap before GC invocations=17 (full 0):
 garbage-first heap   total 102400K, used 64584K [0x0000000080000000, 0x0000000100000000)
  region size 1024K, 11 young (11264K), 4 survivors (4096K)
 Metaspace       used 50447K, committed 50880K, reserved 1114112K
  class space    used 6836K, committed 7040K, reserved 1048576K
}
Event: 6.629 GC heap after
{Heap after GC invocations=18 (full 0):
 garbage-first heap   total 102400K, used 61628K [0x0000000080000000, 0x0000000100000000)
  region size 1024K, 4 young (4096K), 4 survivors (4096K)
 Metaspace       used 50447K, committed 50880K, reserved 1114112K
  class space    used 6836K, committed 7040K, reserved 1048576K
}
Event: 6.707 GC heap before
{Heap before GC invocations=19 (full 0):
 garbage-first heap   total 116736K, used 70844K [0x0000000080000000, 0x0000000100000000)
  region size 1024K, 10 young (10240K), 4 survivors (4096K)
 Metaspace       used 50799K, committed 51328K, reserved 1114112K
  class space    used 6861K, committed 7104K, reserved 1048576K
}
Event: 6.710 GC heap after
{Heap after GC invocations=20 (full 0):
 garbage-first heap   total 116736K, used 68887K [0x0000000080000000, 0x0000000100000000)
  region size 1024K, 2 young (2048K), 2 survivors (2048K)
 Metaspace       used 50799K, committed 51328K, reserved 1114112K
  class space    used 6861K, committed 7104K, reserved 1048576K
}
Event: 7.010 GC heap before
{Heap before GC invocations=21 (full 0):
 garbage-first heap   total 122880K, used 87319K [0x0000000080000000, 0x0000000100000000)
  region size 1024K, 18 young (18432K), 2 survivors (2048K)
 Metaspace       used 53061K, committed 53568K, reserved 1114112K
  class space    used 7092K, committed 7296K, reserved 1048576K
}
Event: 7.012 GC heap after
{Heap after GC invocations=22 (full 0):
 garbage-first heap   total 122880K, used 68843K [0x0000000080000000, 0x0000000100000000)
  region size 1024K, 2 young (2048K), 2 survivors (2048K)
 Metaspace       used 53061K, committed 53568K, reserved 1114112K
  class space    used 7092K, committed 7296K, reserved 1048576K
}
Event: 7.212 GC heap before
{Heap before GC invocations=22 (full 0):
 garbage-first heap   total 122880K, used 89323K [0x0000000080000000, 0x0000000100000000)
  region size 1024K, 22 young (22528K), 2 survivors (2048K)
 Metaspace       used 53910K, committed 54528K, reserved 1114112K
  class space    used 7246K, committed 7552K, reserved 1048576K
}
Event: 7.215 GC heap after
{Heap after GC invocations=23 (full 0):
 garbage-first heap   total 122880K, used 69929K [0x0000000080000000, 0x0000000100000000)
  region size 1024K, 2 young (2048K), 2 survivors (2048K)
 Metaspace       used 53910K, committed 54528K, reserved 1114112K
  class space    used 7246K, committed 7552K, reserved 1048576K
}
Event: 7.601 GC heap before
{Heap before GC invocations=24 (full 0):
 garbage-first heap   total 122880K, used 92457K [0x0000000080000000, 0x0000000100000000)
  region size 1024K, 24 young (24576K), 2 survivors (2048K)
 Metaspace       used 56846K, committed 57472K, reserved 1114112K
  class space    used 7713K, committed 8000K, reserved 1048576K
}
Event: 7.606 GC heap after
{Heap after GC invocations=25 (full 0):
 garbage-first heap   total 122880K, used 71146K [0x0000000080000000, 0x0000000100000000)
  region size 1024K, 3 young (3072K), 3 survivors (3072K)
 Metaspace       used 56846K, committed 57472K, reserved 1114112K
  class space    used 7713K, committed 8000K, reserved 1048576K
}
Event: 7.639 GC heap before
{Heap before GC invocations=25 (full 0):
 garbage-first heap   total 122880K, used 74218K [0x0000000080000000, 0x0000000100000000)
  region size 1024K, 6 young (6144K), 3 survivors (3072K)
 Metaspace       used 57152K, committed 57792K, reserved 1114112K
  class space    used 7767K, committed 8064K, reserved 1048576K
}
Event: 7.642 GC heap after
{Heap after GC invocations=26 (full 0):
 garbage-first heap   total 147456K, used 71047K [0x0000000080000000, 0x0000000100000000)
  region size 1024K, 1 young (1024K), 1 survivors (1024K)
 Metaspace       used 57152K, committed 57792K, reserved 1114112K
  class space    used 7767K, committed 8064K, reserved 1048576K
}
Event: 8.246 GC heap before
{Heap before GC invocations=26 (full 0):
 garbage-first heap   total 147456K, used 107911K [0x0000000080000000, 0x0000000100000000)
  region size 1024K, 37 young (37888K), 1 survivors (1024K)
 Metaspace       used 60680K, committed 61312K, reserved 1114112K
  class space    used 8364K, committed 8640K, reserved 1048576K
}
Event: 8.250 GC heap after
{Heap after GC invocations=27 (full 0):
 garbage-first heap   total 147456K, used 73158K [0x0000000080000000, 0x0000000100000000)
  region size 1024K, 3 young (3072K), 3 survivors (3072K)
 Metaspace       used 60680K, committed 61312K, reserved 1114112K
  class space    used 8364K, committed 8640K, reserved 1048576K
}
Event: 9.199 GC heap before
{Heap before GC invocations=28 (full 0):
 garbage-first heap   total 147456K, used 110022K [0x0000000080000000, 0x0000000100000000)
  region size 1024K, 40 young (40960K), 3 survivors (3072K)
 Metaspace       used 61621K, committed 62272K, reserved 1114112K
  class space    used 8432K, committed 8704K, reserved 1048576K
}
Event: 9.207 GC heap after
{Heap after GC invocations=29 (full 0):
 garbage-first heap   total 147456K, used 77939K [0x0000000080000000, 0x0000000100000000)
  region size 1024K, 5 young (5120K), 5 survivors (5120K)
 Metaspace       used 61621K, committed 62272K, reserved 1114112K
  class space    used 8432K, committed 8704K, reserved 1048576K
}
Event: 9.374 GC heap before
{Heap before GC invocations=29 (full 0):
 garbage-first heap   total 147456K, used 96371K [0x0000000080000000, 0x0000000100000000)
  region size 1024K, 24 young (24576K), 5 survivors (5120K)
 Metaspace       used 61861K, committed 62528K, reserved 1114112K
  class space    used 8452K, committed 8768K, reserved 1048576K
}
Event: 9.381 GC heap after
{Heap after GC invocations=30 (full 0):
 garbage-first heap   total 147456K, used 80210K [0x0000000080000000, 0x0000000100000000)
  region size 1024K, 3 young (3072K), 3 survivors (3072K)
 Metaspace       used 61861K, committed 62528K, reserved 1114112K
  class space    used 8452K, committed 8768K, reserved 1048576K
}

